Start testing: Aug 25 11:59 CEST
----------------------------------------------------------
1/1 Testing: simulation_test
1/1 Test: simulation_test
Command: "/home/artan/Progetto_prog/build/simulation_test"
Directory: /home/artan/Progetto_prog/build
"simulation_test" start time: Aug 25 11:59 CEST
Output:
----------------------------------------------------------
[doctest] doctest version is "2.5.0"
[doctest] run with "--help" for options
===============================================================================
[doctest] test cases:  4 |  4 passed | 0 failed | 0 skipped
[doctest] assertions: 21 | 21 passed | 0 failed |
[doctest] Status: SUCCESS!
<end of output>
Test time =   0.00 sec
----------------------------------------------------------
Test Passed.
"simulation_test" end time: Aug 25 11:59 CEST
"simulation_test" time elapsed: 00:00:00
----------------------------------------------------------

End testing: Aug 25 11:59 CEST
